A9F8 .START (2017-06-26 23:19:24) phpCAS-1.3.5 ****************** [CAS.php:468]
A9F8 .=> phpCAS::client('2.0', 'sso.uowm.gr', 443, '') [Sso.php:79]
A9F8 .|    => CAS_Client::__construct('2.0', false, 'sso.uowm.gr', 443, '', true) [CAS.php:358]
A9F8 .|    |    Starting a new session ds7s5fvf06c4bc99csc0ctutr0 [Client.php:932]
A9F8 .|    |    Session is not authenticated [Client.php:938]
A9F8 .|    <= ''
A9F8 .<= ''
A9F8 .=> phpCAS::setNoCasServerValidation() [Sso.php:98]
A9F8 .|    You have configured no validation of the legitimacy of the cas server. This is not recommended for production use. [CAS.php:1644]
A9F8 .<= ''
A9F8 .=> CAS_Client::handleLogoutRequests(true, false) [CAS.php:1276]
A9F8 .|    Not a logout request [Client.php:1739]
A9F8 .<= ''
A9F8 .=> phpCAS::forceAuthentication() [Sso.php:146]
A9F8 .|    => CAS_Client::forceAuthentication() [CAS.php:1098]
A9F8 .|    |    => CAS_Client::isAuthenticated() [Client.php:1280]
A9F8 .|    |    |    => CAS_Client::_wasPreviouslyAuthenticated() [Client.php:1393]
A9F8 .|    |    |    |    no user found [Client.php:1635]
A9F8 .|    |    |    <= false
A9F8 .|    |    |    no ticket found [Client.php:1494]
A9F8 .|    |    <= false
A9F8 .|    |    => CAS_Client::redirectToCas(false) [Client.php:1289]
A9F8 .|    |    |    => CAS_Client::getServerLoginURL(false, false) [Client.php:1656]
A9F8 .|    |    |    |    => CAS_Client::getURL() [Client.php:342]
A9F8 .|    |    |    |    |    Final URI: http://localhost/platform/public/ [Client.php:3548]
A9F8 .|    |    |    |    <= 'http://localhost/platform/public/'
A9F8 .|    |    |    <= 'https://sso.uowm.gr/login?service=http%3A%2F%2Flocalhost%2Fplatform%2Fpublic%2F'
A9F8 .|    |    |    Redirect to : https://sso.uowm.gr/login?service=http%3A%2F%2Flocalhost%2Fplatform%2Fpublic%2F [Client.php:1663]
A9F8 .|    |    |    exit()
A9F8 .|    |    |    -
A9F8 .|    |    -
A9F8 .|    -
6B68 .START (2017-06-28 07:45:13) phpCAS-1.3.4 ****************** [CAS.php:469]
6B68 .Loaded configuration:
6B68 .a:18:{s:12:"cas_hostname";s:11:"sso.uowm.gr";s:14:"cas_real_hosts";s:11:"sso.uowm.gr";s:16:"cas_session_name";s:7:"CASAuth";s:19:"cas_control_session";b:0;s:9:"cas_proxy";b:0;s:8:"cas_port";i:443;s:7:"cas_uri";s:0:"";s:14:"cas_validation";s:0:"";s:8:"cas_cert";s:0:"";s:15:"cas_validate_cn";b:1;s:13:"cas_login_url";s:0:"";s:14:"cas_logout_url";s:26:"https://sso.uowm.gr/logout";s:19:"cas_logout_redirect";s:0:"";s:17:"cas_redirect_path";s:0:"";s:15:"cas_enable_saml";b:1;s:9:"cas_debug";b:1;s:18:"cas_verbose_errors";b:0;s:14:"cas_masquerade";s:0:"";}
6B68 .=> phpCAS::client('S1', 'sso.uowm.gr', 443, '', false) [CasManager.php:80]
6B68 .|    => CAS_Client::__construct('S1', false, 'sso.uowm.gr', 443, '', false) [CAS.php:359]
6B68 .|    |    Starting a new session go3b9p3f2vktd51hgb4srk57q2 [Client.php:906]
6B68 .|    <= ''
6B68 .<= ''
6B68 .=> CAS_Client::handleLogoutRequests(true, array (  0 => 'sso.uowm.gr',)) [CAS.php:1258]
6B68 .|    Not a logout request [Client.php:1701]
6B68 .<= ''
6B68 .=> phpCAS::setNoCasServerValidation() [CasManager.php:139]
6B68 .|    You have configured no validation of the legitimacy of the cas server. This is not recommended for production use. [CAS.php:1618]
6B68 .<= ''
6B68 .=> phpCAS::setServerLoginURL('') [CasManager.php:54]
6B68 .<= ''
6B68 .=> phpCAS::setServerLogoutURL('https://sso.uowm.gr/logout') [CasManager.php:62]
6B68 .<= ''
6B68 .=> phpCAS::error('CAS_OutOfSequenceBeforeAuthenticationCallException: An authentication call hasn\'t happened yet.') [CAS.php:1242]
6B68 .|    CAS_OutOfSequenceBeforeAuthenticationCallException: An authentication call hasn't happened yet. in C:\xampp\htdocs\platform\vendor\subfission\cas\src\Subfission\Cas\CasManager.phpon line 204 [CAS.php:567]
6B68 .<= ''
5FE2 .START (2017-06-28 07:46:44) phpCAS-1.3.4 ****************** [CAS.php:469]
5FE2 .Loaded configuration:
5FE2 .a:18:{s:12:"cas_hostname";s:11:"sso.uowm.gr";s:14:"cas_real_hosts";s:11:"sso.uowm.gr";s:16:"cas_session_name";s:7:"CASAuth";s:19:"cas_control_session";b:0;s:9:"cas_proxy";b:0;s:8:"cas_port";i:443;s:7:"cas_uri";s:0:"";s:14:"cas_validation";s:0:"";s:8:"cas_cert";s:0:"";s:15:"cas_validate_cn";b:1;s:13:"cas_login_url";s:0:"";s:14:"cas_logout_url";s:26:"https://sso.uowm.gr/logout";s:19:"cas_logout_redirect";s:0:"";s:17:"cas_redirect_path";s:0:"";s:15:"cas_enable_saml";b:1;s:9:"cas_debug";b:1;s:18:"cas_verbose_errors";b:0;s:14:"cas_masquerade";s:0:"";}
5FE2 .=> phpCAS::client('S1', 'sso.uowm.gr', 443, '', false) [CasManager.php:80]
5FE2 .|    => CAS_Client::__construct('S1', false, 'sso.uowm.gr', 443, '', false) [CAS.php:359]
5FE2 .|    |    Starting a new session go3b9p3f2vktd51hgb4srk57q2 [Client.php:906]
5FE2 .|    <= ''
5FE2 .<= ''
5FE2 .=> CAS_Client::handleLogoutRequests(true, array (  0 => 'sso.uowm.gr',)) [CAS.php:1258]
5FE2 .|    Not a logout request [Client.php:1701]
5FE2 .<= ''
5FE2 .=> phpCAS::setNoCasServerValidation() [CasManager.php:139]
5FE2 .|    You have configured no validation of the legitimacy of the cas server. This is not recommended for production use. [CAS.php:1618]
5FE2 .<= ''
5FE2 .=> phpCAS::setServerLoginURL('') [CasManager.php:54]
5FE2 .<= ''
5FE2 .=> phpCAS::setServerLogoutURL('https://sso.uowm.gr/logout') [CasManager.php:62]
5FE2 .<= ''
6F33 .START (2017-06-28 07:49:48) phpCAS-1.3.4 ****************** [CAS.php:469]
6F33 .Loaded configuration:
6F33 .a:18:{s:12:"cas_hostname";s:11:"sso.uowm.gr";s:14:"cas_real_hosts";s:11:"sso.uowm.gr";s:16:"cas_session_name";s:7:"CASAuth";s:19:"cas_control_session";b:0;s:9:"cas_proxy";b:0;s:8:"cas_port";i:443;s:7:"cas_uri";s:0:"";s:14:"cas_validation";s:2:"ca";s:8:"cas_cert";s:30:"certs/AddTrustExternalRoot.pem";s:15:"cas_validate_cn";b:1;s:13:"cas_login_url";s:0:"";s:14:"cas_logout_url";s:26:"https://sso.uowm.gr/logout";s:19:"cas_logout_redirect";s:0:"";s:17:"cas_redirect_path";s:0:"";s:15:"cas_enable_saml";b:1;s:9:"cas_debug";b:1;s:18:"cas_verbose_errors";b:0;s:14:"cas_masquerade";s:0:"";}
6F33 .=> phpCAS::client('S1', 'sso.uowm.gr', 443, '', false) [CasManager.php:80]
6F33 .|    => CAS_Client::__construct('S1', false, 'sso.uowm.gr', 443, '', false) [CAS.php:359]
6F33 .|    |    Starting a new session go3b9p3f2vktd51hgb4srk57q2 [Client.php:906]
6F33 .|    <= ''
6F33 .<= ''
6F33 .=> CAS_Client::handleLogoutRequests(true, array (  0 => 'sso.uowm.gr',)) [CAS.php:1258]
6F33 .|    Not a logout request [Client.php:1701]
6F33 .<= ''
6F33 .=> phpCAS::setCasServerCACert('certs/AddTrustExternalRoot.pem', true) [CasManager.php:135]
6F33 .<= ''
6F33 .=> phpCAS::setServerLoginURL('') [CasManager.php:54]
6F33 .<= ''
6F33 .=> phpCAS::setServerLogoutURL('https://sso.uowm.gr/logout') [CasManager.php:62]
6F33 .<= ''
C7B1 .START (2017-06-28 07:50:18) phpCAS-1.3.4 ****************** [CAS.php:469]
C7B1 .Loaded configuration:
C7B1 .a:18:{s:12:"cas_hostname";s:11:"sso.uowm.gr";s:14:"cas_real_hosts";s:11:"sso.uowm.gr";s:16:"cas_session_name";s:7:"CASAuth";s:19:"cas_control_session";b:0;s:9:"cas_proxy";b:0;s:8:"cas_port";i:443;s:7:"cas_uri";s:0:"";s:14:"cas_validation";s:2:"ca";s:8:"cas_cert";s:30:"certs/AddTrustExternalRoot.pem";s:15:"cas_validate_cn";b:1;s:13:"cas_login_url";s:0:"";s:14:"cas_logout_url";s:26:"https://sso.uowm.gr/logout";s:19:"cas_logout_redirect";s:0:"";s:17:"cas_redirect_path";s:0:"";s:15:"cas_enable_saml";b:1;s:9:"cas_debug";b:1;s:18:"cas_verbose_errors";b:0;s:14:"cas_masquerade";s:0:"";}
C7B1 .=> phpCAS::client('S1', 'sso.uowm.gr', 443, '', false) [CasManager.php:80]
C7B1 .|    => CAS_Client::__construct('S1', false, 'sso.uowm.gr', 443, '', false) [CAS.php:359]
C7B1 .|    |    Starting a new session go3b9p3f2vktd51hgb4srk57q2 [Client.php:906]
C7B1 .|    <= ''
C7B1 .<= ''
C7B1 .=> CAS_Client::handleLogoutRequests(true, array (  0 => 'sso.uowm.gr',)) [CAS.php:1258]
C7B1 .|    Not a logout request [Client.php:1701]
C7B1 .<= ''
C7B1 .=> phpCAS::setCasServerCACert('certs/AddTrustExternalRoot.pem', true) [CasManager.php:135]
C7B1 .<= ''
C7B1 .=> phpCAS::setServerLoginURL('') [CasManager.php:54]
C7B1 .<= ''
C7B1 .=> phpCAS::setServerLogoutURL('https://sso.uowm.gr/logout') [CasManager.php:62]
C7B1 .<= ''
C7B1 .=> phpCAS::error('CAS_OutOfSequenceBeforeAuthenticationCallException: An authentication call hasn\'t happened yet.') [CAS.php:1242]
C7B1 .|    CAS_OutOfSequenceBeforeAuthenticationCallException: An authentication call hasn't happened yet. in C:\xampp\htdocs\platform\vendor\subfission\cas\src\Subfission\Cas\CasManager.phpon line 204 [CAS.php:567]
C7B1 .<= ''
8789 .START (2017-06-28 07:50:21) phpCAS-1.3.4 ****************** [CAS.php:469]
8789 .Loaded configuration:
8789 .a:18:{s:12:"cas_hostname";s:11:"sso.uowm.gr";s:14:"cas_real_hosts";s:11:"sso.uowm.gr";s:16:"cas_session_name";s:7:"CASAuth";s:19:"cas_control_session";b:0;s:9:"cas_proxy";b:0;s:8:"cas_port";i:443;s:7:"cas_uri";s:0:"";s:14:"cas_validation";s:2:"ca";s:8:"cas_cert";s:30:"certs/AddTrustExternalRoot.pem";s:15:"cas_validate_cn";b:1;s:13:"cas_login_url";s:0:"";s:14:"cas_logout_url";s:26:"https://sso.uowm.gr/logout";s:19:"cas_logout_redirect";s:0:"";s:17:"cas_redirect_path";s:0:"";s:15:"cas_enable_saml";b:1;s:9:"cas_debug";b:1;s:18:"cas_verbose_errors";b:0;s:14:"cas_masquerade";s:0:"";}
8789 .=> phpCAS::client('S1', 'sso.uowm.gr', 443, '', false) [CasManager.php:80]
8789 .|    => CAS_Client::__construct('S1', false, 'sso.uowm.gr', 443, '', false) [CAS.php:359]
8789 .|    |    Starting a new session go3b9p3f2vktd51hgb4srk57q2 [Client.php:906]
8789 .|    <= ''
8789 .<= ''
8789 .=> CAS_Client::handleLogoutRequests(true, array (  0 => 'sso.uowm.gr',)) [CAS.php:1258]
8789 .|    Not a logout request [Client.php:1701]
8789 .<= ''
8789 .=> phpCAS::setCasServerCACert('certs/AddTrustExternalRoot.pem', true) [CasManager.php:135]
8789 .<= ''
8789 .=> phpCAS::setServerLoginURL('') [CasManager.php:54]
8789 .<= ''
8789 .=> phpCAS::setServerLogoutURL('https://sso.uowm.gr/logout') [CasManager.php:62]
8789 .<= ''
8789 .=> phpCAS::error('CAS_OutOfSequenceBeforeAuthenticationCallException: An authentication call hasn\'t happened yet.') [CAS.php:1242]
8789 .|    CAS_OutOfSequenceBeforeAuthenticationCallException: An authentication call hasn't happened yet. in C:\xampp\htdocs\platform\vendor\subfission\cas\src\Subfission\Cas\CasManager.phpon line 204 [CAS.php:567]
8789 .<= ''
AB02 .START (2017-06-28 07:51:18) phpCAS-1.3.4 ****************** [CAS.php:469]
AB02 .Loaded configuration:
AB02 .a:18:{s:12:"cas_hostname";s:11:"sso.uowm.gr";s:14:"cas_real_hosts";s:11:"sso.uowm.gr";s:16:"cas_session_name";s:7:"CASAuth";s:19:"cas_control_session";b:0;s:9:"cas_proxy";b:0;s:8:"cas_port";i:443;s:7:"cas_uri";s:0:"";s:14:"cas_validation";s:2:"ca";s:8:"cas_cert";s:63:"http://localhost/platform/public/certs/AddTrustExternalRoot.pem";s:15:"cas_validate_cn";b:1;s:13:"cas_login_url";s:0:"";s:14:"cas_logout_url";s:26:"https://sso.uowm.gr/logout";s:19:"cas_logout_redirect";s:0:"";s:17:"cas_redirect_path";s:0:"";s:15:"cas_enable_saml";b:1;s:9:"cas_debug";b:1;s:18:"cas_verbose_errors";b:0;s:14:"cas_masquerade";s:0:"";}
AB02 .=> phpCAS::client('S1', 'sso.uowm.gr', 443, '', false) [CasManager.php:80]
AB02 .|    => CAS_Client::__construct('S1', false, 'sso.uowm.gr', 443, '', false) [CAS.php:359]
AB02 .|    |    Starting a new session go3b9p3f2vktd51hgb4srk57q2 [Client.php:906]
AB02 .|    <= ''
AB02 .<= ''
AB02 .=> CAS_Client::handleLogoutRequests(true, array (  0 => 'sso.uowm.gr',)) [CAS.php:1258]
AB02 .|    Not a logout request [Client.php:1701]
AB02 .<= ''
AB02 .=> phpCAS::setCasServerCACert('http://localhost/platform/public/certs/AddTrustExternalRoot.pem', true) [CasManager.php:135]
AB02 .<= ''
AB02 .=> phpCAS::setServerLoginURL('') [CasManager.php:54]
AB02 .<= ''
AB02 .=> phpCAS::setServerLogoutURL('https://sso.uowm.gr/logout') [CasManager.php:62]
AB02 .<= ''
AB02 .=> phpCAS::error('CAS_OutOfSequenceBeforeAuthenticationCallException: An authentication call hasn\'t happened yet.') [CAS.php:1242]
AB02 .|    CAS_OutOfSequenceBeforeAuthenticationCallException: An authentication call hasn't happened yet. in C:\xampp\htdocs\platform\vendor\subfission\cas\src\Subfission\Cas\CasManager.phpon line 204 [CAS.php:567]
AB02 .<= ''
5311 .START (2017-06-28 07:51:21) phpCAS-1.3.4 ****************** [CAS.php:469]
5311 .Loaded configuration:
5311 .a:18:{s:12:"cas_hostname";s:11:"sso.uowm.gr";s:14:"cas_real_hosts";s:11:"sso.uowm.gr";s:16:"cas_session_name";s:7:"CASAuth";s:19:"cas_control_session";b:0;s:9:"cas_proxy";b:0;s:8:"cas_port";i:443;s:7:"cas_uri";s:0:"";s:14:"cas_validation";s:2:"ca";s:8:"cas_cert";s:63:"http://localhost/platform/public/certs/AddTrustExternalRoot.pem";s:15:"cas_validate_cn";b:1;s:13:"cas_login_url";s:0:"";s:14:"cas_logout_url";s:26:"https://sso.uowm.gr/logout";s:19:"cas_logout_redirect";s:0:"";s:17:"cas_redirect_path";s:0:"";s:15:"cas_enable_saml";b:1;s:9:"cas_debug";b:1;s:18:"cas_verbose_errors";b:0;s:14:"cas_masquerade";s:0:"";}
5311 .=> phpCAS::client('S1', 'sso.uowm.gr', 443, '', false) [CasManager.php:80]
5311 .|    => CAS_Client::__construct('S1', false, 'sso.uowm.gr', 443, '', false) [CAS.php:359]
5311 .|    |    Starting a new session go3b9p3f2vktd51hgb4srk57q2 [Client.php:906]
5311 .|    <= ''
5311 .<= ''
5311 .=> CAS_Client::handleLogoutRequests(true, array (  0 => 'sso.uowm.gr',)) [CAS.php:1258]
5311 .|    Not a logout request [Client.php:1701]
5311 .<= ''
5311 .=> phpCAS::setCasServerCACert('http://localhost/platform/public/certs/AddTrustExternalRoot.pem', true) [CasManager.php:135]
5311 .<= ''
5311 .=> phpCAS::setServerLoginURL('') [CasManager.php:54]
5311 .<= ''
5311 .=> phpCAS::setServerLogoutURL('https://sso.uowm.gr/logout') [CasManager.php:62]
5311 .<= ''
5311 .=> phpCAS::error('CAS_OutOfSequenceBeforeAuthenticationCallException: An authentication call hasn\'t happened yet.') [CAS.php:1242]
5311 .|    CAS_OutOfSequenceBeforeAuthenticationCallException: An authentication call hasn't happened yet. in C:\xampp\htdocs\platform\vendor\subfission\cas\src\Subfission\Cas\CasManager.phpon line 204 [CAS.php:567]
5311 .<= ''
ED7D .START (2017-06-28 07:53:29) phpCAS-1.3.4 ****************** [CAS.php:469]
ED7D .Loaded configuration:
ED7D .a:18:{s:12:"cas_hostname";s:11:"sso.uowm.gr";s:14:"cas_real_hosts";s:11:"sso.uowm.gr";s:16:"cas_session_name";s:7:"CASAuth";s:19:"cas_control_session";b:0;s:9:"cas_proxy";b:0;s:8:"cas_port";i:443;s:7:"cas_uri";s:0:"";s:14:"cas_validation";s:2:"ca";s:8:"cas_cert";s:63:"http://localhost/platform/public/certs/AddTrustExternalRoot.pem";s:15:"cas_validate_cn";b:1;s:13:"cas_login_url";s:0:"";s:14:"cas_logout_url";s:26:"https://sso.uowm.gr/logout";s:19:"cas_logout_redirect";s:0:"";s:17:"cas_redirect_path";s:0:"";s:15:"cas_enable_saml";b:1;s:9:"cas_debug";b:1;s:18:"cas_verbose_errors";b:0;s:14:"cas_masquerade";s:0:"";}
ED7D .=> phpCAS::client('S1', 'sso.uowm.gr', 443, '', false) [CasManager.php:80]
ED7D .|    => CAS_Client::__construct('S1', false, 'sso.uowm.gr', 443, '', false) [CAS.php:359]
ED7D .|    |    Starting a new session go3b9p3f2vktd51hgb4srk57q2 [Client.php:906]
ED7D .|    <= ''
ED7D .<= ''
ED7D .=> CAS_Client::handleLogoutRequests(true, array (  0 => 'sso.uowm.gr',)) [CAS.php:1258]
ED7D .|    Not a logout request [Client.php:1701]
ED7D .<= ''
ED7D .=> phpCAS::setCasServerCACert('http://localhost/platform/public/certs/AddTrustExternalRoot.pem', true) [CasManager.php:135]
ED7D .<= ''
ED7D .=> phpCAS::setServerLoginURL('') [CasManager.php:54]
ED7D .<= ''
ED7D .=> phpCAS::setServerLogoutURL('https://sso.uowm.gr/logout') [CasManager.php:62]
ED7D .<= ''
DC3C .START (2017-06-28 07:56:38) phpCAS-1.3.4 ****************** [CAS.php:469]
DC3C .Loaded configuration:
DC3C .a:18:{s:12:"cas_hostname";s:11:"sso.uowm.gr";s:14:"cas_real_hosts";s:11:"sso.uowm.gr";s:16:"cas_session_name";s:7:"CASAuth";s:19:"cas_control_session";b:0;s:9:"cas_proxy";b:0;s:8:"cas_port";i:443;s:7:"cas_uri";s:0:"";s:14:"cas_validation";s:2:"ca";s:8:"cas_cert";s:63:"http://localhost/platform/public/certs/AddTrustExternalRoot.pem";s:15:"cas_validate_cn";b:1;s:13:"cas_login_url";s:0:"";s:14:"cas_logout_url";s:26:"https://sso.uowm.gr/logout";s:19:"cas_logout_redirect";s:0:"";s:17:"cas_redirect_path";s:0:"";s:15:"cas_enable_saml";b:1;s:9:"cas_debug";b:1;s:18:"cas_verbose_errors";b:0;s:14:"cas_masquerade";s:0:"";}
DC3C .=> phpCAS::client('S1', 'sso.uowm.gr', 443, '', false) [CasManager.php:80]
DC3C .|    => CAS_Client::__construct('S1', false, 'sso.uowm.gr', 443, '', false) [CAS.php:359]
DC3C .|    |    Starting a new session go3b9p3f2vktd51hgb4srk57q2 [Client.php:906]
DC3C .|    <= ''
DC3C .<= ''
DC3C .=> CAS_Client::handleLogoutRequests(true, array (  0 => 'sso.uowm.gr',)) [CAS.php:1258]
DC3C .|    Not a logout request [Client.php:1701]
DC3C .<= ''
DC3C .=> phpCAS::setCasServerCACert('http://localhost/platform/public/certs/AddTrustExternalRoot.pem', true) [CasManager.php:135]
DC3C .<= ''
DC3C .=> phpCAS::setServerLoginURL('') [CasManager.php:54]
DC3C .<= ''
DC3C .=> phpCAS::setServerLogoutURL('https://sso.uowm.gr/logout') [CasManager.php:62]
DC3C .<= ''
DC3C .=> phpCAS::error('CAS_OutOfSequenceBeforeAuthenticationCallException: An authentication call hasn\'t happened yet.') [CAS.php:1242]
DC3C .|    CAS_OutOfSequenceBeforeAuthenticationCallException: An authentication call hasn't happened yet. in C:\xampp\htdocs\platform\vendor\subfission\cas\src\Subfission\Cas\CasManager.phpon line 204 [CAS.php:567]
DC3C .<= ''
B1B4 .START (2017-06-28 07:57:38) phpCAS-1.3.4 ****************** [CAS.php:469]
B1B4 .Loaded configuration:
B1B4 .a:18:{s:12:"cas_hostname";s:11:"sso.uowm.gr";s:14:"cas_real_hosts";s:11:"sso.uowm.gr";s:16:"cas_session_name";s:7:"CASAuth";s:19:"cas_control_session";b:0;s:9:"cas_proxy";b:0;s:8:"cas_port";i:443;s:7:"cas_uri";s:0:"";s:14:"cas_validation";s:2:"ca";s:8:"cas_cert";s:63:"http://localhost/platform/public/certs/AddTrustExternalRoot.pem";s:15:"cas_validate_cn";b:1;s:13:"cas_login_url";s:0:"";s:14:"cas_logout_url";s:26:"https://sso.uowm.gr/logout";s:19:"cas_logout_redirect";s:0:"";s:17:"cas_redirect_path";s:0:"";s:15:"cas_enable_saml";b:1;s:9:"cas_debug";b:1;s:18:"cas_verbose_errors";b:1;s:14:"cas_masquerade";s:0:"";}
B1B4 .=> phpCAS::client('S1', 'sso.uowm.gr', 443, '', false) [CasManager.php:80]
B1B4 .|    => CAS_Client::__construct('S1', false, 'sso.uowm.gr', 443, '', false) [CAS.php:359]
B1B4 .|    |    Starting a new session go3b9p3f2vktd51hgb4srk57q2 [Client.php:906]
B1B4 .|    <= ''
B1B4 .<= ''
B1B4 .=> CAS_Client::handleLogoutRequests(true, array (  0 => 'sso.uowm.gr',)) [CAS.php:1258]
B1B4 .|    Not a logout request [Client.php:1701]
B1B4 .<= ''
B1B4 .=> phpCAS::setCasServerCACert('http://localhost/platform/public/certs/AddTrustExternalRoot.pem', true) [CasManager.php:135]
B1B4 .<= ''
B1B4 .=> phpCAS::setServerLoginURL('') [CasManager.php:54]
B1B4 .<= ''
B1B4 .=> phpCAS::setServerLogoutURL('https://sso.uowm.gr/logout') [CasManager.php:62]
B1B4 .<= ''
B1B4 .=> phpCAS::error('CAS_OutOfSequenceBeforeAuthenticationCallException: An authentication call hasn\'t happened yet.') [CAS.php:1242]
B1B4 .|    CAS_OutOfSequenceBeforeAuthenticationCallException: An authentication call hasn't happened yet. in C:\xampp\htdocs\platform\vendor\subfission\cas\src\Subfission\Cas\CasManager.phpon line 204 [CAS.php:567]
B1B4 .<= ''
6692 .START (2017-06-28 08:01:04) phpCAS-1.3.4 ****************** [CAS.php:469]
6692 .Loaded configuration:
6692 .a:18:{s:12:"cas_hostname";s:11:"sso.uowm.gr";s:14:"cas_real_hosts";s:11:"sso.uowm.gr";s:16:"cas_session_name";s:7:"CASAuth";s:19:"cas_control_session";b:0;s:9:"cas_proxy";b:0;s:8:"cas_port";i:443;s:7:"cas_uri";s:0:"";s:14:"cas_validation";s:2:"ca";s:8:"cas_cert";s:63:"http://localhost/platform/public/certs/AddTrustExternalRoot.pem";s:15:"cas_validate_cn";b:1;s:13:"cas_login_url";s:0:"";s:14:"cas_logout_url";s:26:"https://sso.uowm.gr/logout";s:19:"cas_logout_redirect";s:0:"";s:17:"cas_redirect_path";s:0:"";s:15:"cas_enable_saml";b:1;s:9:"cas_debug";b:1;s:18:"cas_verbose_errors";b:1;s:14:"cas_masquerade";s:0:"";}
6692 .=> phpCAS::client('S1', 'sso.uowm.gr', 443, '', false) [CasManager.php:80]
6692 .|    => CAS_Client::__construct('S1', false, 'sso.uowm.gr', 443, '', false) [CAS.php:359]
6692 .|    |    Starting a new session go3b9p3f2vktd51hgb4srk57q2 [Client.php:906]
6692 .|    <= ''
6692 .<= ''
6692 .=> CAS_Client::handleLogoutRequests(true, array (  0 => 'sso.uowm.gr',)) [CAS.php:1258]
6692 .|    Not a logout request [Client.php:1701]
6692 .<= ''
6692 .=> phpCAS::setCasServerCACert('http://localhost/platform/public/certs/AddTrustExternalRoot.pem', true) [CasManager.php:135]
6692 .<= ''
6692 .=> phpCAS::setServerLoginURL('') [CasManager.php:54]
6692 .<= ''
6692 .=> phpCAS::setServerLogoutURL('https://sso.uowm.gr/logout') [CasManager.php:62]
6692 .<= ''
6692 .=> phpCAS::error('CAS_OutOfSequenceBeforeAuthenticationCallException: An authentication call hasn\'t happened yet.') [CAS.php:1242]
6692 .|    CAS_OutOfSequenceBeforeAuthenticationCallException: An authentication call hasn't happened yet. in C:\xampp\htdocs\platform\vendor\subfission\cas\src\Subfission\Cas\CasManager.phpon line 204 [CAS.php:567]
6692 .<= ''
67C7 .START (2017-06-28 08:01:13) phpCAS-1.3.4 ****************** [CAS.php:469]
67C7 .Loaded configuration:
67C7 .a:18:{s:12:"cas_hostname";s:11:"sso.uowm.gr";s:14:"cas_real_hosts";s:11:"sso.uowm.gr";s:16:"cas_session_name";s:7:"CASAuth";s:19:"cas_control_session";b:0;s:9:"cas_proxy";b:0;s:8:"cas_port";i:443;s:7:"cas_uri";s:0:"";s:14:"cas_validation";s:2:"ca";s:8:"cas_cert";s:63:"http://localhost/platform/public/certs/AddTrustExternalRoot.pem";s:15:"cas_validate_cn";b:1;s:13:"cas_login_url";s:0:"";s:14:"cas_logout_url";s:26:"https://sso.uowm.gr/logout";s:19:"cas_logout_redirect";s:0:"";s:17:"cas_redirect_path";s:0:"";s:15:"cas_enable_saml";b:1;s:9:"cas_debug";b:1;s:18:"cas_verbose_errors";b:1;s:14:"cas_masquerade";s:0:"";}
67C7 .=> phpCAS::client('S1', 'sso.uowm.gr', 443, '', false) [CasManager.php:80]
67C7 .|    => CAS_Client::__construct('S1', false, 'sso.uowm.gr', 443, '', false) [CAS.php:359]
67C7 .|    |    Starting a new session go3b9p3f2vktd51hgb4srk57q2 [Client.php:906]
67C7 .|    <= ''
67C7 .<= ''
67C7 .=> CAS_Client::handleLogoutRequests(true, array (  0 => 'sso.uowm.gr',)) [CAS.php:1258]
67C7 .|    Not a logout request [Client.php:1701]
67C7 .<= ''
67C7 .=> phpCAS::setCasServerCACert('http://localhost/platform/public/certs/AddTrustExternalRoot.pem', true) [CasManager.php:135]
67C7 .<= ''
67C7 .=> phpCAS::setServerLoginURL('') [CasManager.php:54]
67C7 .<= ''
67C7 .=> phpCAS::setServerLogoutURL('https://sso.uowm.gr/logout') [CasManager.php:62]
67C7 .<= ''
67C7 .=> phpCAS::isAuthenticated() [CasManager.php:280]
67C7 .|    => CAS_Client::isAuthenticated() [CAS.php:1127]
67C7 .|    |    => CAS_Client::_wasPreviouslyAuthenticated() [Client.php:1362]
67C7 .|    |    |    no user found [Client.php:1604]
67C7 .|    |    <= false
67C7 .|    |    no ticket found [Client.php:1463]
67C7 .|    <= false
67C7 .<= false
